Performing C SOURCE FILE Test CMAKE_HAVE_LIBC_PTHREAD failed with the following output:
Change Dir: /home/root/quasar/opcua-server/build/CMakeFiles/CMakeTmp

Run Build Command(s):/usr/bin/gmake -f Makefile cmTC_6145a/fast && /usr/bin/gmake  -f CMakeFiles/cmTC_6145a.dir/build.make CMakeFiles/cmTC_6145a.dir/build
gmake[1]: Entering directory '/home/root/quasar/opcua-server/build/CMakeFiles/CMakeTmp'
Building C object CMakeFiles/cmTC_6145a.dir/src.c.o
/usr/bin/cc -DCMAKE_HAVE_LIBC_PTHREAD   -o CMakeFiles/cmTC_6145a.dir/src.c.o -c /home/root/quasar/opcua-server/build/CMakeFiles/CMakeTmp/src.c
Linking C executable cmTC_6145a
/usr/bin/cmake -E cmake_link_script CMakeFiles/cmTC_6145a.dir/link.txt --verbose=1
/usr/bin/cc -rdynamic CMakeFiles/cmTC_6145a.dir/src.c.o -o cmTC_6145a 
CMakeFiles/cmTC_6145a.dir/src.c.o: In function `main':
src.c:(.text+0x34): undefined reference to `pthread_create'
src.c:(.text+0x3c): undefined reference to `pthread_detach'
src.c:(.text+0x44): undefined reference to `pthread_cancel'
src.c:(.text+0x50): undefined reference to `pthread_join'
collect2: error: ld returned 1 exit status
gmake[1]: *** [CMakeFiles/cmTC_6145a.dir/build.make:99: cmTC_6145a] Error 1
gmake[1]: Leaving directory '/home/root/quasar/opcua-server/build/CMakeFiles/CMakeTmp'
gmake: *** [Makefile:127: cmTC_6145a/fast] Error 2


Source file was:
#include <pthread.h>

static void* test_func(void* data)
{
  return data;
}

int main(void)
{
  pthread_t thread;
  pthread_create(&thread, NULL, test_func, NULL);
  pthread_detach(thread);
  pthread_cancel(thread);
  pthread_join(thread, NULL);
  pthread_atfork(NULL, NULL, NULL);
  pthread_exit(NULL);

  return 0;
}

Determining if the function pthread_create exists in the pthreads failed with the following output:
Change Dir: /home/root/quasar/opcua-server/build/CMakeFiles/CMakeTmp

Run Build Command(s):/usr/bin/gmake -f Makefile cmTC_fc1ed/fast && /usr/bin/gmake  -f CMakeFiles/cmTC_fc1ed.dir/build.make CMakeFiles/cmTC_fc1ed.dir/build
gmake[1]: Entering directory '/home/root/quasar/opcua-server/build/CMakeFiles/CMakeTmp'
Building C object CMakeFiles/cmTC_fc1ed.dir/CheckFunctionExists.c.o
/usr/bin/cc   -DCHECK_FUNCTION_EXISTS=pthread_create -o CMakeFiles/cmTC_fc1ed.dir/CheckFunctionExists.c.o -c /usr/share/cmake/Modules/CheckFunctionExists.c
Linking C executable cmTC_fc1ed
/usr/bin/cmake -E cmake_link_script CMakeFiles/cmTC_fc1ed.dir/link.txt --verbose=1
/usr/bin/cc  -DCHECK_FUNCTION_EXISTS=pthread_create -rdynamic CMakeFiles/cmTC_fc1ed.dir/CheckFunctionExists.c.o -o cmTC_fc1ed  -lpthreads 
/usr/bin/ld: cannot find -lpthreads
collect2: error: ld returned 1 exit status
gmake[1]: *** [CMakeFiles/cmTC_fc1ed.dir/build.make:99: cmTC_fc1ed] Error 1
gmake[1]: Leaving directory '/home/root/quasar/opcua-server/build/CMakeFiles/CMakeTmp'
gmake: *** [Makefile:127: cmTC_fc1ed/fast] Error 2



